TN:
SF:Controllers\controller.crm.js
FN:4,(anonymous_0)
FN:13,(anonymous_1)
FN:21,(anonymous_2)
FNF:3
FNH:3
FNDA:1,(anonymous_0)
FNDA:1,(anonymous_1)
FNDA:2,(anonymous_2)
DA:1,1
DA:4,1
DA:5,1
DA:6,1
DA:7,1
DA:8,1
DA:10,0
DA:13,1
DA:14,1
DA:15,1
DA:16,1
DA:18,0
DA:21,1
DA:22,2
DA:23,2
DA:26,2
DA:27,2
DA:28,1
DA:32,1
DA:35,1
DA:37,1
DA:39,0
DA:42,1
LF:23
LH:20
BRDA:27,0,0,1
BRDA:27,0,1,1
BRF:2
BRH:2
end_of_record
TN:
SF:Controllers\controller.project.js
FN:4,(anonymous_0)
FN:30,(anonymous_1)
FN:50,(anonymous_2)
FN:78,(anonymous_3)
FNF:4
FNH:1
FNDA:1,(anonymous_0)
FNDA:0,(anonymous_1)
FNDA:0,(anonymous_2)
FNDA:0,(anonymous_3)
DA:1,1
DA:4,1
DA:5,1
DA:6,1
DA:7,1
DA:8,1
DA:23,1
DA:25,0
DA:26,0
DA:30,1
DA:31,0
DA:32,0
DA:34,0
DA:40,0
DA:41,0
DA:44,0
DA:46,0
DA:47,0
DA:50,1
DA:51,0
DA:52,0
DA:53,0
DA:55,0
DA:68,0
DA:69,0
DA:72,0
DA:74,0
DA:75,0
DA:78,1
DA:79,0
DA:80,0
DA:82,0
DA:84,0
DA:85,0
DA:88,0
DA:90,0
DA:92,0
DA:93,0
DA:96,1
LF:39
LH:11
BRDA:40,0,0,0
BRDA:40,0,1,0
BRDA:68,1,0,0
BRDA:68,1,1,0
BRDA:84,2,0,0
BRDA:84,2,1,0
BRF:6
BRH:0
end_of_record
TN:
SF:Models\Application.js
FNF:0
FNH:0
DA:1,2
DA:3,2
DA:56,2
DA:57,2
LF:4
LH:4
BRF:0
BRH:0
end_of_record
TN:
SF:Models\CRM.js
FNF:0
FNH:0
DA:1,1
DA:2,1
DA:42,1
DA:43,1
LF:4
LH:4
BRF:0
BRH:0
end_of_record
TN:
SF:Models\Education.js
FNF:0
FNH:0
DA:1,1
DA:3,1
DA:23,1
DA:25,1
LF:4
LH:4
BRF:0
BRH:0
end_of_record
TN:
SF:Models\Experience.js
FNF:0
FNH:0
DA:1,1
DA:3,1
DA:24,1
DA:26,1
LF:4
LH:4
BRF:0
BRH:0
end_of_record
TN:
SF:Models\Project.js
FNF:0
FNH:0
DA:1,1
DA:2,1
DA:18,1
DA:20,1
LF:4
LH:4
BRF:0
BRH:0
end_of_record
TN:
SF:Models\internship.js
FN:5,(anonymous_0)
FNF:1
FNH:1
FNDA:948,(anonymous_0)
DA:1,2
DA:2,2
DA:3,2
DA:5,948
DA:7,2
DA:64,2
DA:65,2
LF:7
LH:7
BRF:0
BRH:0
end_of_record
TN:
SF:Models\job.js
FN:4,(anonymous_0)
FNF:1
FNH:1
FNDA:474,(anonymous_0)
DA:1,1
DA:2,1
DA:3,1
DA:4,474
DA:6,1
DA:67,1
DA:68,1
LF:7
LH:7
BRF:0
BRH:0
end_of_record
TN:
SF:Models\user.js
FN:146,(anonymous_0)
FN:153,(anonymous_1)
FN:162,(anonymous_2)
FN:164,(anonymous_3)
FN:172,(anonymous_4)
FN:178,(anonymous_5)
FNF:6
FNH:1
FNDA:0,(anonymous_0)
FNDA:0,(anonymous_1)
FNDA:0,(anonymous_2)
FNDA:0,(anonymous_3)
FNDA:4,(anonymous_4)
FNDA:0,(anonymous_5)
DA:1,1
DA:2,1
DA:3,1
DA:4,1
DA:5,1
DA:6,1
DA:7,1
DA:8,1
DA:9,1
DA:10,1
DA:12,1
DA:146,1
DA:147,0
DA:148,0
DA:150,0
DA:153,1
DA:154,0
DA:155,0
DA:156,0
DA:158,0
DA:159,0
DA:162,1
DA:163,0
DA:164,0
DA:165,0
DA:168,0
DA:172,1
DA:173,4
DA:174,4
DA:177,0
DA:178,0
DA:179,0
DA:182,0
DA:183,0
DA:184,0
DA:187,0
DA:190,1
DA:192,1
LF:38
LH:19
BRDA:173,0,0,4
BRDA:173,0,1,0
BRDA:182,1,0,0
BRDA:182,1,1,0
BRF:4
BRH:1
end_of_record
